<?xml version="1.0" encoding="UTF-8"?>
<testsuite name="testssheduler.LaunchAppTest" tests="1" skipped="0" failures="0" errors="0" timestamp="2021-08-24T18:10:16" hostname="LAPTOP-VN4HCI1U" time="0.656">
  <properties/>
  <testcase name="launchtest" classname="testssheduler.LaunchAppTest" time="0.656"/>
  <system-out><![CDATA[]]></system-out>
  <system-err><![CDATA[Aug 24, 2021 9:10:16 PM io.appium.java_client.remote.AppiumCommandExecutor$1 lambda$0
INFO: Detected dialect: W3C
]]></system-err>
</testsuite>
